PLINK v1.90b6.21 64-bit (19 Oct 2020)
Options in effect:
  --allow-extra-chr
  --bfile ../maleRef_no_outliers_gemma_in
  --extract maleRef_no_outliers_gemma_out.pval5e-3.loci
  --out maleRef_no_outliers_gemma_out.genotypes.pval5e-3
  --recode compound-genotypes

Hostname: bigmem3
Working directory: /group/millermrgrp2/shannon/projects/dissertation/reanalyzed/sex_marker/SexFindR/step2-gwas/output_no_outliers/output
Start time: Sat Jan 28 20:23:50 2023

Random number seed: 1674966230
515968 MB RAM detected; reserving 257984 MB for main workspace.
14175 variants loaded from .bim file.
45 people (0 males, 0 females, 45 ambiguous) loaded from .fam.
Ambiguous sex IDs written to
maleRef_no_outliers_gemma_out.genotypes.pval5e-3.nosex .
45 phenotype values loaded from .fam.
--extract: 60 variants remaining.
Warning: Ignoring phenotypes of missing-sex samples.  If you don't want those
phenotypes to be ignored, use the --allow-no-sex flag.
Using 1 thread (no multithreaded calculations invoked).
Before main variant filters, 45 founders and 0 nonfounders present.
Calculating allele frequencies... done.
Total genotyping rate is 0.989259.
60 variants and 45 people pass filters and QC.
Among remaining phenotypes, 21 are cases and 24 are controls.
--recode ped to maleRef_no_outliers_gemma_out.genotypes.pval5e-3.ped +
maleRef_no_outliers_gemma_out.genotypes.pval5e-3.map ... done.

End time: Sat Jan 28 20:23:50 2023
