PLINK v1.90b6.21 64-bit (19 Oct 2020)
Options in effect:
  --allow-extra-chr
  --allow-no-sex
  --double-id
  --extract maleRef_no_outliers.prune.in
  --make-bed
  --out maleRef_no_outliers
  --pca
  --remove-fam maleRef_outliers.list
  --set-missing-var-ids @:#
  --vcf maleRef_no_outliers.vcf.gz

Hostname: bigmem10
Working directory: /group/millermrgrp2/shannon/projects/dissertation/reanalyzed/sex_marker/SexFindR/step2-gwas/output_no_outliers
Start time: Sat Jan 28 20:00:03 2023

Random number seed: 1674964803
1031945 MB RAM detected; reserving 515972 MB for main workspace.
--vcf: maleRef_no_outliers-temporary.bed + maleRef_no_outliers-temporary.bim +
maleRef_no_outliers-temporary.fam written.
95716 variants loaded from .bim file.
95716 missing IDs set.
48 people (0 males, 0 females, 48 ambiguous) loaded from .fam.
Ambiguous sex IDs written to maleRef_no_outliers.nosex .
--extract: 14175 variants remaining.
--remove-fam: 45 people remaining.
Using up to 95 threads (change this with --threads).
Before main variant filters, 45 founders and 0 nonfounders present.
Calculating allele frequencies... done.
Total genotyping rate in remaining samples is 0.915737.
14175 variants and 45 people pass filters and QC.
Note: No phenotypes present.
Relationship matrix calculation complete.
--pca: Results saved to maleRef_no_outliers.eigenval and
maleRef_no_outliers.eigenvec .
--make-bed to maleRef_no_outliers.bed + maleRef_no_outliers.bim +
maleRef_no_outliers.fam ... done.

End time: Sat Jan 28 20:00:04 2023
