PLINK v1.90b6.21 64-bit (19 Oct 2020)
Options in effect:
  --allow-extra-chr
  --allow-no-sex
  --extract maleRef_no_outliers.prune.in
  --file maleRef_no_outliers_gemma_in
  --make-bed
  --out maleRef_no_outliers_gemma_in
  --pheno maleRef_phenotypes.list
  --remove-fam maleRef_outliers.list

Hostname: bigmem10
Working directory: /group/millermrgrp2/shannon/projects/dissertation/reanalyzed/sex_marker/SexFindR/step2-gwas/output_no_outliers
Start time: Sat Jan 28 20:00:05 2023

Random number seed: 1674964805
1031945 MB RAM detected; reserving 515972 MB for main workspace.
Scanning .ped file... done.
Performing single-pass .bed write (14175 variants, 45 people).
--file: maleRef_no_outliers_gemma_in-temporary.bed +
maleRef_no_outliers_gemma_in-temporary.bim +
maleRef_no_outliers_gemma_in-temporary.fam written.
14175 variants loaded from .bim file.
45 people (0 males, 0 females, 45 ambiguous) loaded from .fam.
Ambiguous sex IDs written to maleRef_no_outliers_gemma_in.nosex .
45 phenotype values present after --pheno.
--extract: 14175 variants remaining.
--remove-fam: 45 people remaining.
Using 1 thread (no multithreaded calculations invoked).
Before main variant filters, 45 founders and 0 nonfounders present.
Calculating allele frequencies... done.
Total genotyping rate is 0.915737.
14175 variants and 45 people pass filters and QC.
Among remaining phenotypes, 21 are cases and 24 are controls.
--make-bed to maleRef_no_outliers_gemma_in.bed +
maleRef_no_outliers_gemma_in.bim + maleRef_no_outliers_gemma_in.fam ... done.

End time: Sat Jan 28 20:00:05 2023
