PLINK v1.90b6.21 64-bit (19 Oct 2020)
Options in effect:
  --allow-extra-chr
  --double-id
  --extract maleRef_pca.prune.in
  --make-bed
  --out maleRef_pca
  --pca
  --set-missing-var-ids @:#
  --vcf /group/millermrgrp2/shannon/projects/dissertation/reanalyzed/sex_marker/SexFindR/step0-variantcalling/maleRef/maleRef_RAD-Pst1_24F_24M.filtered_PASS.biallelic.vcf.gz

Hostname: bigmem10
Working directory: /group/millermrgrp2/shannon/projects/dissertation/reanalyzed/sex_marker/SexFindR/step2-gwas/pca
Start time: Thu Jan 19 11:53:35 2023

Random number seed: 1674158015
1031945 MB RAM detected; reserving 515972 MB for main workspace.
--vcf: maleRef_pca-temporary.bed + maleRef_pca-temporary.bim +
maleRef_pca-temporary.fam written.
466385 variants loaded from .bim file.
466385 missing IDs set.
48 people (0 males, 0 females, 48 ambiguous) loaded from .fam.
Ambiguous sex IDs written to maleRef_pca.nosex .
--extract: 78872 variants remaining.
Using up to 95 threads (change this with --threads).
Before main variant filters, 48 founders and 0 nonfounders present.
Calculating allele frequencies... done.
Total genotyping rate is 0.866527.
78872 variants and 48 people pass filters and QC.
Note: No phenotypes present.
Relationship matrix calculation complete.
--pca: Results saved to maleRef_pca.eigenval and maleRef_pca.eigenvec .
--make-bed to maleRef_pca.bed + maleRef_pca.bim + maleRef_pca.fam ... done.

End time: Thu Jan 19 11:53:40 2023
