PLINK v1.90b6.21 64-bit (19 Oct 2020)
Options in effect:
  --bfile ../femaleRef_gwas_plink
  --extract fsig.rs
  --out fsig_plink_genotypes
  --recode compound-genotypes

Hostname: bigmem3
Working directory: /group/millermrgrp2/shannon/projects/dissertation/reanalyzed/sex_marker/SexFindR/step2-gwas/output
Start time: Mon Jan 16 15:12:32 2023

Random number seed: 1673910752
515968 MB RAM detected; reserving 257984 MB for main workspace.
106488 variants loaded from .bim file.
48 people (0 males, 0 females, 48 ambiguous) loaded from .fam.
Ambiguous sex IDs written to fsig_plink_genotypes.nosex .
48 phenotype values loaded from .fam.
--extract: 6 variants remaining.
Warning: Ignoring phenotypes of missing-sex samples.  If you don't want those
phenotypes to be ignored, use the --allow-no-sex flag.
Using 1 thread (no multithreaded calculations invoked).
Before main variant filters, 48 founders and 0 nonfounders present.
Calculating allele frequencies... done.
Total genotyping rate is 0.979167.
6 variants and 48 people pass filters and QC.
Among remaining phenotypes, 24 are cases and 24 are controls.
--recode ped to fsig_plink_genotypes.ped + fsig_plink_genotypes.map ... done.

End time: Mon Jan 16 15:12:32 2023
